Build started 2/22/2015 4:52:52 PM.
     1>Project "C:\Dev\Repos\LuminaEngine\LuminaEngine\LuminaEngine.vcxproj" on node 2 (Build target(s)).
     1>ClCompile:
         C:\Program Files (x86)\Microsoft Visual Studio 12.0\VC\bin\CL.exe /c /ZI /nologo /W3 /WX- /sdl /Od /Oy- /D _UNICODE /D UNICODE /Gm /EHsc /RTC1 /MDd /GS /fp:precise /Zc:wchar_t /Zc:forScope /Fo"Debug\\" /Fd"Debug\vc120.pdb" /Gd /TP /analyze- /errorReport:prompt TestScene.cpp
         TestScene.cpp
       Link:
         C:\Program Files (x86)\Microsoft Visual Studio 12.0\VC\bin\link.exe /ERRORREPORT:PROMPT /OUT:"C:\Dev\Repos\LuminaEngine\build\x86\Debug\LuminaEngine.exe" /INCREMENTAL /NOLOGO d3d11.lib assimpd.lib d3dcompiler.lib kernel32.lib user32.lib gdi32.lib winspool.lib comdlg32.lib advapi32.lib shell32.lib ole32.lib oleaut32.lib uuid.lib odbc32.lib odbccp32.lib /MANIFEST /MANIFESTUAC:"level='asInvoker' uiAccess='false'" /manifest:embed /DEBUG /PDB:"C:\Dev\Repos\LuminaEngine\build\x86\Debug\LuminaEngine.pdb" /SUBSYSTEM:CONSOLE /TLBID:1 /ENTRY:"WinMainCRTStartup" /DYNAMICBASE /NXCOMPAT /IMPLIB:"C:\Dev\Repos\LuminaEngine\build\x86\Debug\LuminaEngine.lib" /MACHINE:X86 Debug\Camera.obj
         Debug\Game.obj
         Debug\GameObject.obj
         Debug\Light.obj
         Debug\Main.obj
         Debug\Material.obj
         Debug\Mesh.obj
         Debug\MeshGenerator.obj
         Debug\RenderTexture.obj
         Debug\Sampler.obj
         Debug\Scene.obj
         Debug\Shader.obj
         Debug\ShadowMap.obj
         Debug\TestScene.obj
         Debug\Timer.obj
         Debug\Window.obj
         C:\Dev\Repos\LuminaEngine\DirectXTK\Bin\Windows81\Win32\Debug\DirectXTK.lib
         LuminaEngine.vcxproj -> C:\Dev\Repos\LuminaEngine\build\x86\Debug\LuminaEngine.exe
     1>Done Building Project "C:\Dev\Repos\LuminaEngine\LuminaEngine\LuminaEngine.vcxproj" (Build target(s)).

Build succeeded.

Time Elapsed 00:00:01.34
